<?xml version="1.0" encoding="UTF-8"?>
<testng-results skipped="0" failed="0" total="1" passed="1">
  <reporter-output>
  </reporter-output>
  <suite name="Default Suite" duration-ms="28241" started-at="2018-12-13T06:13:44Z" finished-at="2018-12-13T06:14:13Z">
    <groups>
    </groups>
    <test name="testngg" duration-ms="28241" started-at="2018-12-13T06:13:44Z" finished-at="2018-12-13T06:14:13Z">
      <class name="com.ajx.LoginTest">
        <test-method status="PASS" signature="open()[pri:0, instance:com.ajx.LoginTest@5d624da6]" name="open" is-config="true" duration-ms="8423" started-at="2018-12-13T14:13:44Z" finished-at="2018-12-13T14:13:53Z">
          <reporter-output>
          </reporter-output>
        </test-method> <!-- open -->
        <test-method status="PASS" signature="getTest()[pri:0, instance:com.ajx.LoginTest@5d624da6]" name="getTest" duration-ms="17362" started-at="2018-12-13T14:13:53Z" finished-at="2018-12-13T14:14:10Z">
          <reporter-output>
          </reporter-output>
        </test-method> <!-- getTest -->
        <test-method status="PASS" signature="close()[pri:0, instance:com.ajx.LoginTest@5d624da6]" name="close" is-config="true" duration-ms="2370" started-at="2018-12-13T14:14:10Z" finished-at="2018-12-13T14:14:13Z">
          <reporter-output>
          </reporter-output>
        </test-method> <!-- close -->
      </class> <!-- com.ajx.LoginTest -->
    </test> <!-- testngg -->
  </suite> <!-- Default Suite -->
</testng-results>
